[S1v7] Step 1: POST /api/auth/guest/session
  OK Auth: user_id=457800b9-e6f8-41ed-8128-7652aa880e99
[S1v7] 预备: POST /api/chat/sessions 创建 MOOD 会话
  HTTP session create: status=201, resp={'session_id': '2b7593a8-5c16-406f-b7f5-8832e9557e9a', 'title': 'S1 首次接触测试', 'summary': 'S1 首次接触测试', 'session_type': 'MOOD', 'thinking_mode': False, 'is_archived': False, 'created_at': '2026-04-01T07:
  OK Session (MOOD): session_id=2b7593a8-5c16-406f-b7f5-8832e9557e9a
[S1v7] Step 2: 连接 Socket.IO (session=2b7593a8-5c16-406f-b7f5-8832e9557e9a, type=mood)
  OK Socket.IO connected
  <- UNKNOWN EVENT: connection_established | {'client_id': '07d83417-bad7-44a8-82d6-87b265ba1a31', 'connection_id': '457800b9-e6f8-41ed-8128-7652
[S1v7] Step 3: Turn 1 - 初次倾诉
  -> send(T1): 我刚跟男朋友吵了一架，好烦
  <- UNKNOWN EVENT: message_received | {'event_type': 'user_message'}
  <- event_processing_start
  <- event_processing_end #1
  <- reply(T1): 嗯，吵完了？

说一下发生了什么？
[S1v7] Step 4: Turn 2 - 被说太敏感
  -> send(T2): 他说我太敏感了，每次都这样说我
  <- UNKNOWN EVENT: message_received | {'event_type': 'user_message'}
  <- event_processing_start
  <- event_processing_end #2
  <- reply(T2): 他这样说，你肯定不好受。

每次都被这样讲——你有没有想过跟他说，你听到这句话的时候是什么感觉？
[S1v7] Step 5: Turn 3-5 - 快速连发 (< 1s interval)
  -> rapid send: 我真的很生气
  <- UNKNOWN EVENT: message_received | {'event_type': 'user_message'}
  <- event_processing_start
  -> rapid send: 他每次都这样
  <- message_buffered
  -> rapid send: 我不知道该怎么办
  <- message_buffered
  Waiting for rapid-fire responses (max 60s)...
  <- event_processing_end #3
  <- UNKNOWN EVENT: message_received | {'event_type': 'user_message'}
  <- event_processing_start
  <- event_processing_end #4
[S1v7] Step 6: Turn 6 - 提及小白
  -> send(T6): 小白就是这样，从来不考虑我的感受
  <- UNKNOWN EVENT: message_received | {'event_type': 'user_message'}
  <- event_processing_start
  <- event_processing_end #5
  <- reply(T6): 你说的是小白——是男朋友的名字吗？
[S1v7] Step 7: Turn 7 - 道别
  -> send(T7): 他就是小白，是我男朋友。好了我好一点了，谢谢你
  <- UNKNOWN EVENT: message_received | {'event_type': 'user_message'}
  <- event_processing_start
  <- event_processing_end #6
  <- reply(T7): 好点了就好。

有不舒服的时候随时来。
[S1v7] 等待 workspace 写入 (10s)...
  Socket.IO disconnected
[S1v7] Step 8: GET /api/about/self
  OK about/self: {'status': 'success', 'data': {'sections': {'my_now': {'text': '暂无相关记忆。', 'memory_ids': []}, 'my_future': {'text': '暂无相关记忆。', 'memory_ids': []}, 'my_story': {'text': '暂无相关记忆。', 'memory_ids': []}, 'my_
[S1v7] Step 9: GET /api/about/relations
  OK about/relations, 未发现'小白' (需要 >= 100 条消息后凌晨4点批处理)
  内容: {"status": "success", "data": {"relations": []}, "cache_hit": true}
  [P0 NOTE] about/relations 数据: {"status": "success", "data": {"relations": []}, "cache_hit": true}
[S1v7] Step 10: GET /api/about/relations/小白
  OK 小白档案: {"status": "success", "data": {"name": "小白", "text": "暂无相关记忆。", "memory_ids": [], "generated_at": null, "source": null}, "cache_hit": true}
[S1v7] Workspace 检查 (runtime: /Users/jianghongwei/Documents/psychologists/backend/ai-companion/ai-companion):
  WARN USER.md 未更新: mtime=1774973008 <= test_start=1775029695
  [分析] USER.md 更新由 OpenClaw agent 自主决定。短对话可能不触发写入。
  INFO people/ 目录不存在
  [分析] OpenClaw agent 在用户确认关系时创建 people/*.md。
  [分析] Turn 7 消息增加了 '他就是小白，是我男朋友' 以触发确认。
  INFO memory/ 本次测试后无写入: ['weekly_cache', 'pending_followup.md', 'pattern_log.md', 'time_capsules.md']

  [P1 SUMMARY] 0/4 轮回复含 MBTI 引导

=== 结果已保存到: /Users/jianghongwei/Documents/moodcoco/.evolve/b_output/S1_raw_v7.json
=== 通过检查: 7/10
=== 完成步骤: 10/10
=== 功能检查详情:
    [PASS] auth_200
    [PASS] socket_connected
    [PASS] ai_reply_received
    [PASS] about_self_200
    [PASS] about_relations_200
    [PASS] xiaobo_profile_found
    [FAIL] xiaobo_relation_type_correct
    [PASS] rapid_fire_merged
    [FAIL] workspace_user_md_updated
    [FAIL] workspace_people_created
=== P1 追踪: 0/4 轮回复含 MBTI 引导
